#
# A fatal error has been detected by the Java Runtime Environment:
#
#  Internal Error (javaClasses.cpp:129), pid=10336, tid=3956
#  fatal error: Invalid layout of preloaded class
#
# JRE version: 7.0_06-b24
# Java VM: Java HotSpot(TM) 64-Bit Server VM (23.2-b09 mixed mode windows-amd64 compressed oops)
# Failed to write core dump. Minidumps are not enabled by default on client versions of Windows
#
# If you would like to submit a bug report, please visit:
#   http://bugreport.sun.com/bugreport/crash.jsp
#

---------------  T H R E A D  ---------------

Current thread (0x000000000218d000):  JavaThread "Unknown thread" [_thread_in_vm, id=3956, stack(0x0000000002460000,0x0000000002560000)]

Stack: [0x0000000002460000,0x0000000002560000]

---------------  P R O C E S S  ---------------

Java Threads: ( => current thread )

Other Threads:

=>0x000000000218d000 (exited) JavaThread "Unknown thread" [_thread_in_vm, id=3956, stack(0x0000000002460000,0x0000000002560000)]

VM state:not at safepoint (not fully initialized)

VM Mutex/Monitor currently owned by a thread: None

GC Heap History (0 events):
No events

Deoptimization events (0 events):
No events

Internal exceptions (0 events):
No events

Events (10 events):
Event: 0.007 loading class 0x0000000002119050 done
Event: 0.008 loading class 0x00000000020d2a30 done
Event: 0.008 loading class 0x00000000020d2a00
Event: 0.008 loading class 0x0000000002122e60
Event: 0.008 loading class 0x0000000002122e60 done
Event: 0.008 loading class 0x0000000002122ea0
Event: 0.025 loading class 0x0000000002122ea0 done
Event: 0.025 loading class 0x000000000b8ad1a0
Event: 0.025 loading class 0x000000000b8ad1a0 done
Event: 0.025 loading class 0x00000000020d2a00 done


Dynamic libraries:
0x000000013f420000 - 0x000000013f454000 	C:\Program Files (x86)\Java\jdk1.7.0_06\bin\javaw.exe
0x0000000077420000 - 0x00000000775c9000 	C:\Windows\SYSTEM32\ntdll.dll
0x00000000771a0000 - 0x00000000772bf000 	C:\Windows\system32\kernel32.dll
0x000007fefd9f0000 - 0x000007fefda5c000 	C:\Windows\system32\KERNELBASE.dll
0x000007feff650000 - 0x000007feff72b000 	C:\Windows\system32\ADVAPI32.dll
0x000007feff3d0000 - 0x000007feff46f000 	C:\Windows\system32\msvcrt.dll
0x000007fefe0e0000 - 0x000007fefe0ff000 	C:\Windows\SYSTEM32\sechost.dll
0x000007fefdd70000 - 0x000007fefde9d000 	C:\Windows\system32\RPCRT4.dll
0x0000000076e90000 - 0x0000000076f8a000 	C:\Windows\system32\USER32.dll
0x000007fefe070000 - 0x000007fefe0d7000 	C:\Windows\system32\GDI32.dll
0x000007fefe630000 - 0x000007fefe63e000 	C:\Windows\system32\LPK.dll
0x000007fefdca0000 - 0x000007fefdd69000 	C:\Windows\system32\USP10.dll
0x000007fefc000000 - 0x000007fefc1f4000 	C:\Windows\WinSxS\amd64_microsoft.windows.common-controls_6595b64144ccf1df_6.0.7601.17514_none_fa396087175ac9ac\COMCTL32.dll
0x000007fefe5b0000 - 0x000007fefe621000 	C:\Windows\system32\SHLWAPI.dll
0x000007fefe1a0000 - 0x000007fefe1ce000 	C:\Windows\system32\IMM32.DLL
0x000007fefdf60000 - 0x000007fefe069000 	C:\Windows\system32\MSCTF.dll
0x000007fefd830000 - 0x000007fefd874000 	C:\Windows\system32\nvinitx.dll
0x000000000f000000 - 0x000000000f006000 	C:\Program Files\NVIDIA Corporation\CoProcManager\_etoured.dll
0x000007fef71e0000 - 0x000007fef7225000 	C:\Program Files\NVIDIA Corporation\CoProcManager\nvd3d9wrapx.dll
0x000007feff470000 - 0x000007feff647000 	C:\Windows\system32\SETUPAPI.dll
0x000007fefda60000 - 0x000007fefda96000 	C:\Windows\system32\CFGMGR32.dll
0x000007fefe4d0000 - 0x000007fefe5a7000 	C:\Windows\system32\OLEAUT32.dll
0x000007fefe2c0000 - 0x000007fefe4c3000 	C:\Windows\system32\ole32.dll
0x000007fefd930000 - 0x000007fefd94a000 	C:\Windows\system32\DEVOBJ.dll
0x000007fef71a0000 - 0x000007fef71d7000 	C:\Program Files\NVIDIA Corporation\CoProcManager\nvdxgiwrapx.dll
0x000000006b2b0000 - 0x000000006b381000 	C:\Program Files (x86)\Java\jdk1.7.0_06\jre\bin\msvcr100.dll
0x000000005b310000 - 0x000000005ba2f000 	C:\Program Files (x86)\Java\jdk1.7.0_06\jre\bin\server\jvm.dll
0x000007fef9770000 - 0x000007fef9779000 	C:\Windows\system32\WSOCK32.dll
0x000007fefdc50000 - 0x000007fefdc9d000 	C:\Windows\system32\WS2_32.dll
0x000007fefe2b0000 - 0x000007fefe2b8000 	C:\Windows\system32\NSI.dll
0x000007fef6fe0000 - 0x000007fef701b000 	C:\Windows\system32\WINMM.dll
0x00000000775f0000 - 0x00000000775f7000 	C:\Windows\system32\PSAPI.DLL
0x0000000073390000 - 0x000000007339f000 	C:\Program Files (x86)\Java\jdk1.7.0_06\jre\bin\verify.dll
0x0000000073310000 - 0x0000000073338000 	C:\Program Files (x86)\Java\jdk1.7.0_06\jre\bin\java.dll
0x00000000732f0000 - 0x0000000073305000 	C:\Program Files (x86)\Java\jdk1.7.0_06\jre\bin\zip.dll

VM Arguments:
jvm_args: -Dfile.encoding=Cp1251 -Xbootclasspath:C:\Program Files (x86)\Java\Android\platforms\android-10\android.jar 
java_command: com.example.ildarglasses.Test
Launcher Type: SUN_STANDARD

Environment Variables:
JAVA_HOME=C:\Program Files (x86)\Java\jdk1.7.0_06
PATH=C:/Program Files (x86)/Java/jdk1.7.0_06/bin/../jre/bin/server;C:/Program Files (x86)/Java/jdk1.7.0_06/bin/../jre/bin;C:/Program Files (x86)/Java/jdk1.7.0_06/bin/../jre/lib/amd64;C:\Program Files (x86)\NVIDIA Corporation\PhysX\Common;C:\Program Files (x86)\Intel\iCLS Client\;C:\Program Files\Intel\iCLS Client\;C:\Program Files\Common Files\Microsoft Shared\Windows Live;C:\Program Files (x86)\Common Files\Microsoft Shared\Windows Live;C:\Windows\system32;C:\Windows;C:\Windows\System32\Wbem;C:\Windows\System32\WindowsPowerShell\v1.0\;C:\Program Files (x86)\Windows Live\Shared;C:\Program Files (x86)\Intel\OpenCL SDK\2.0\bin\x86;C:\Program Files (x86)\Intel\OpenCL SDK\2.0\bin\x64;C:\Program Files\Intel\Intel(R) Management Engine Components\DAL;C:\Program Files\Intel\Intel(R) Management Engine Components\IPT;C:\Program Files (x86)\Intel\Intel(R) Management Engine Components\DAL;C:\Program Files (x86)\Intel\Intel(R) Management Engine Components\IPT;C:\Program Files\TortoiseGit\bin;C:\Program Files\MySQL\MySQL Server 5.5\bin;C:\Program Files (x86)\Java\jdk1.7.0_06\bin;C:\Program Files (x86)\Java\Android\platform-tools;C:\Chocolatey\bin;C:\Python27;C:\Program Files (x86)\Git\cmd;C:\bin\apache-maven-3.0.4\bin;;C:\Program Files\eclipse-mobile-juno-win32-x86_64\eclipse;
USERNAME=Äíñ
OS=Windows_NT
PROCESSOR_IDENTIFIER=Intel64 Family 6 Model 58 Stepping 9, GenuineIntel



---------------  S Y S T E M  ---------------

OS: Windows 7 , 64 bit Build 7601 Service Pack 1

CPU:total 8 (4 cores per cpu, 2 threads per core) family 6 model 58 stepping 9, cmov, cx8, fxsr, mmx, sse, sse2, sse3, ssse3, sse4.1, sse4.2, popcnt, avx, ht, tsc, tscinvbit, tscinv

Memory: 4k page, physical 8271676k(5247256k free), swap 16541500k(12003384k free)

vm_info: Java HotSpot(TM) 64-Bit Server VM (23.2-b09) for windows-amd64 JRE (1.7.0_06-b24), built on Aug  9 2012 20:44:07 by "java_re" with unknown MS VC++:1600

time: Sat Aug 25 18:35:30 2012
elapsed time: 0 seconds

